<?xml version="1.0" ?>
<!DOCTYPE coverage SYSTEM "http://cobertura.sourceforge.net/xml/coverage-04.dtd">
<coverage lines-valid="464" lines-covered="464" line-rate="1" branches-valid="34" branches-covered="31" branch-rate="0.9117000000000001" timestamp="1700570239873" complexity="0" version="0.1">
  <sources>
    <source>/Users/frederik/dev/convunits/ts</source>
  </sources>
  <packages>
    <package name="src" line-rate="1" branch-rate="0.9117000000000001">
      <classes>
        <class name="convert.ts" filename="src/convert.ts" line-rate="1" branch-rate="1">
          <methods>
            <method name="(anonymous_0)" hits="414" signature="()V">
              <lines>
                <line number="8" hits="414"/>
              </lines>
            </method>
            <method name="(anonymous_1)" hits="412" signature="()V">
              <lines>
                <line number="11" hits="412"/>
              </lines>
            </method>
            <method name="(anonymous_2)" hits="314" signature="()V">
              <lines>
                <line number="18" hits="314"/>
              </lines>
            </method>
            <method name="(anonymous_3)" hits="408" signature="()V">
              <lines>
                <line number="23" hits="408"/>
              </lines>
            </method>
            <method name="(anonymous_4)" hits="320" signature="()V">
              <lines>
                <line number="33" hits="320"/>
              </lines>
            </method>
            <method name="(anonymous_5)" hits="4" signature="()V">
              <lines>
                <line number="38" hits="4"/>
              </lines>
            </method>
          </methods>
          <lines>
            <line number="2" hits="40" branch="false"/>
            <line number="3" hits="40" branch="false"/>
            <line number="4" hits="40" branch="false"/>
            <line number="5" hits="40" branch="false"/>
            <line number="6" hits="40" branch="false"/>
            <line number="9" hits="414" branch="false"/>
            <line number="12" hits="412" branch="false"/>
            <line number="13" hits="412" branch="true" condition-coverage="100% (2/2)"/>
            <line number="14" hits="4" branch="false"/>
            <line number="15" hits="408" branch="false"/>
            <line number="16" hits="408" branch="false"/>
            <line number="17" hits="408" branch="false"/>
            <line number="18" hits="408" branch="false"/>
            <line number="19" hits="314" branch="false"/>
            <line number="21" hits="408" branch="false"/>
            <line number="24" hits="408" branch="true" condition-coverage="100% (2/2)"/>
            <line number="25" hits="2" branch="false"/>
            <line number="26" hits="406" branch="false"/>
            <line number="27" hits="406" branch="true" condition-coverage="100% (2/2)"/>
            <line number="28" hits="2" branch="false"/>
            <line number="29" hits="404" branch="false"/>
            <line number="30" hits="404" branch="true" condition-coverage="100% (2/2)"/>
            <line number="31" hits="4" branch="false"/>
            <line number="32" hits="400" branch="false"/>
            <line number="33" hits="400" branch="false"/>
            <line number="34" hits="320" branch="false"/>
            <line number="36" hits="400" branch="false"/>
            <line number="39" hits="4" branch="false"/>
            <line number="42" hits="40" branch="false"/>
          </lines>
        </class>
        <class name="definitions.ts" filename="src/definitions.ts" line-rate="1" branch-rate="0.8636">
          <methods>
            <method name="(anonymous_0)" hits="822" signature="()V">
              <lines>
                <line number="95" hits="822"/>
              </lines>
            </method>
            <method name="(anonymous_1)" hits="5797" signature="()V">
              <lines>
                <line number="100" hits="5797"/>
              </lines>
            </method>
            <method name="(anonymous_2)" hits="834" signature="()V">
              <lines>
                <line number="108" hits="834"/>
              </lines>
            </method>
            <method name="(anonymous_3)" hits="12716" signature="()V">
              <lines>
                <line number="114" hits="12716"/>
              </lines>
            </method>
            <method name="(anonymous_4)" hits="101728" signature="()V">
              <lines>
                <line number="115" hits="101728"/>
              </lines>
            </method>
            <method name="(anonymous_5)" hits="3" signature="()V">
              <lines>
                <line number="134" hits="3"/>
              </lines>
            </method>
            <method name="(anonymous_6)" hits="88" signature="()V">
              <lines>
                <line number="140" hits="88"/>
              </lines>
            </method>
            <method name="(anonymous_7)" hits="49" signature="()V">
              <lines>
                <line number="142" hits="49"/>
              </lines>
            </method>
            <method name="(anonymous_8)" hits="5" signature="()V">
              <lines>
                <line number="157" hits="5"/>
              </lines>
            </method>
            <method name="(anonymous_9)" hits="176" signature="()V">
              <lines>
                <line number="163" hits="176"/>
              </lines>
            </method>
            <method name="(anonymous_10)" hits="1408" signature="()V">
              <lines>
                <line number="164" hits="1408"/>
              </lines>
            </method>
          </methods>
          <lines>
            <line number="2" hits="43" branch="false"/>
            <line number="3" hits="43" branch="false"/>
            <line number="4" hits="43" branch="false"/>
            <line number="5" hits="43" branch="false"/>
            <line number="6" hits="43" branch="false"/>
            <line number="7" hits="43" branch="false"/>
            <line number="8" hits="43" branch="false"/>
            <line number="9" hits="43" branch="false"/>
            <line number="10" hits="43" branch="false"/>
            <line number="11" hits="43" branch="false"/>
            <line number="12" hits="43" branch="false"/>
            <line number="13" hits="43" branch="false"/>
            <line number="14" hits="43" branch="false"/>
            <line number="15" hits="43" branch="false"/>
            <line number="16" hits="43" branch="false"/>
            <line number="17" hits="43" branch="false"/>
            <line number="18" hits="43" branch="false"/>
            <line number="19" hits="43" branch="false"/>
            <line number="20" hits="43" branch="false"/>
            <line number="21" hits="43" branch="false"/>
            <line number="22" hits="43" branch="false"/>
            <line number="23" hits="43" branch="false"/>
            <line number="24" hits="43" branch="false"/>
            <line number="25" hits="43" branch="false"/>
            <line number="26" hits="43" branch="false"/>
            <line number="27" hits="43" branch="false"/>
            <line number="28" hits="43" branch="false"/>
            <line number="29" hits="43" branch="false"/>
            <line number="30" hits="43" branch="false"/>
            <line number="31" hits="43" branch="false"/>
            <line number="32" hits="43" branch="false"/>
            <line number="33" hits="43" branch="false"/>
            <line number="34" hits="43" branch="false"/>
            <line number="35" hits="43" branch="false"/>
            <line number="36" hits="43" branch="false"/>
            <line number="37" hits="43" branch="false"/>
            <line number="38" hits="43" branch="false"/>
            <line number="39" hits="43" branch="false"/>
            <line number="40" hits="43" branch="false"/>
            <line number="41" hits="43" branch="false"/>
            <line number="42" hits="43" branch="false"/>
            <line number="43" hits="43" branch="false"/>
            <line number="44" hits="43" branch="false"/>
            <line number="45" hits="43" branch="false"/>
            <line number="46" hits="43" branch="false"/>
            <line number="47" hits="43" branch="false"/>
            <line number="48" hits="43" branch="false"/>
            <line number="94" hits="43" branch="false"/>
            <line number="95" hits="43" branch="false"/>
            <line number="96" hits="822" branch="false"/>
            <line number="97" hits="822" branch="true" condition-coverage="100% (2/2)"/>
            <line number="98" hits="585" branch="false"/>
            <line number="100" hits="5797" branch="false"/>
            <line number="101" hits="237" branch="true" condition-coverage="50% (1/2)"/>
            <line number="102" hits="237" branch="false"/>
            <line number="104" hits="237" branch="false"/>
            <line number="106" hits="43" branch="false"/>
            <line number="107" hits="43" branch="false"/>
            <line number="108" hits="43" branch="false"/>
            <line number="109" hits="834" branch="false"/>
            <line number="110" hits="834" branch="true" condition-coverage="100% (2/2)"/>
            <line number="111" hits="545" branch="false"/>
            <line number="114" hits="289" branch="false"/>
            <line number="115" hits="12716" branch="false"/>
            <line number="118" hits="101728" branch="true" condition-coverage="100% (2/2)"/>
            <line number="119" hits="283" branch="false"/>
            <line number="120" hits="283" branch="false"/>
            <line number="124" hits="289" branch="true" condition-coverage="100% (2/2)"/>
            <line number="125" hits="283" branch="false"/>
            <line number="127" hits="289" branch="false"/>
            <line number="129" hits="43" branch="false"/>
            <line number="130" hits="43" branch="false"/>
            <line number="134" hits="43" branch="false"/>
            <line number="135" hits="3" branch="false"/>
            <line number="136" hits="3" branch="true" condition-coverage="100% (2/2)"/>
            <line number="137" hits="1" branch="false"/>
            <line number="139" hits="2" branch="false"/>
            <line number="140" hits="2" branch="false"/>
            <line number="141" hits="88" branch="true" condition-coverage="100% (2/2)"/>
            <line number="142" hits="2" branch="false"/>
            <line number="143" hits="49" branch="false"/>
            <line number="147" hits="2" branch="true" condition-coverage="50% (1/2)"/>
            <line number="148" hits="2" branch="false"/>
            <line number="150" hits="2" branch="false"/>
            <line number="152" hits="43" branch="false"/>
            <line number="153" hits="43" branch="false"/>
            <line number="157" hits="43" branch="false"/>
            <line number="158" hits="5" branch="false"/>
            <line number="159" hits="5" branch="true" condition-coverage="100% (2/2)"/>
            <line number="160" hits="1" branch="false"/>
            <line number="163" hits="4" branch="false"/>
            <line number="164" hits="176" branch="false"/>
            <line number="165" hits="1408" branch="true" condition-coverage="100% (2/2)"/>
            <line number="166" hits="4" branch="false"/>
            <line number="167" hits="4" branch="false"/>
            <line number="171" hits="4" branch="true" condition-coverage="50% (1/2)"/>
            <line number="172" hits="4" branch="false"/>
            <line number="174" hits="4" branch="false"/>
            <line number="176" hits="43" branch="false"/>
          </lines>
        </class>
        <class name="errors.ts" filename="src/errors.ts" line-rate="1" branch-rate="1">
          <methods>
            <method name="(anonymous_0)" hits="12" signature="()V">
              <lines>
                <line number="5" hits="12"/>
              </lines>
            </method>
            <method name="(anonymous_1)" hits="8" signature="()V">
              <lines>
                <line number="11" hits="8"/>
              </lines>
            </method>
            <method name="(anonymous_2)" hits="4" signature="()V">
              <lines>
                <line number="17" hits="4"/>
              </lines>
            </method>
            <method name="(anonymous_3)" hits="2" signature="()V">
              <lines>
                <line number="23" hits="2"/>
              </lines>
            </method>
          </methods>
          <lines>
            <line number="2" hits="43" branch="false"/>
            <line number="3" hits="43" branch="false"/>
            <line number="6" hits="12" branch="false"/>
            <line number="9" hits="43" branch="false"/>
            <line number="12" hits="8" branch="false"/>
            <line number="15" hits="43" branch="false"/>
            <line number="18" hits="4" branch="false"/>
            <line number="21" hits="43" branch="false"/>
            <line number="24" hits="2" branch="false"/>
            <line number="27" hits="43" branch="false"/>
          </lines>
        </class>
        <class name="expression.ts" filename="src/expression.ts" line-rate="1" branch-rate="1">
          <methods>
            <method name="(anonymous_0)" hits="13" signature="()V">
              <lines>
                <line number="9" hits="13"/>
              </lines>
            </method>
            <method name="(anonymous_1)" hits="5" signature="()V">
              <lines>
                <line number="12" hits="5"/>
              </lines>
            </method>
            <method name="(anonymous_2)" hits="18" signature="()V">
              <lines>
                <line number="15" hits="18"/>
              </lines>
            </method>
            <method name="(anonymous_3)" hits="13" signature="()V">
              <lines>
                <line number="23" hits="13"/>
              </lines>
            </method>
            <method name="(anonymous_4)" hits="6" signature="()V">
              <lines>
                <line number="26" hits="6"/>
              </lines>
            </method>
            <method name="(anonymous_5)" hits="19" signature="()V">
              <lines>
                <line number="29" hits="19"/>
              </lines>
            </method>
            <method name="(anonymous_6)" hits="283" signature="()V">
              <lines>
                <line number="37" hits="283"/>
              </lines>
            </method>
            <method name="(anonymous_7)" hits="11" signature="()V">
              <lines>
                <line number="40" hits="11"/>
              </lines>
            </method>
            <method name="(anonymous_8)" hits="296" signature="()V">
              <lines>
                <line number="43" hits="296"/>
              </lines>
            </method>
            <method name="(anonymous_9)" hits="294" signature="()V">
              <lines>
                <line number="51" hits="294"/>
              </lines>
            </method>
            <method name="(anonymous_10)" hits="7" signature="()V">
              <lines>
                <line number="54" hits="7"/>
              </lines>
            </method>
            <method name="(anonymous_11)" hits="301" signature="()V">
              <lines>
                <line number="57" hits="301"/>
              </lines>
            </method>
            <method name="(anonymous_12)" hits="993" signature="()V">
              <lines>
                <line number="65" hits="993"/>
              </lines>
            </method>
            <method name="(anonymous_13)" hits="42" signature="()V">
              <lines>
                <line number="76" hits="42"/>
              </lines>
            </method>
            <method name="(anonymous_14)" hits="13745" signature="()V">
              <lines>
                <line number="79" hits="13745"/>
              </lines>
            </method>
          </methods>
          <lines>
            <line number="2" hits="43" branch="false"/>
            <line number="3" hits="43" branch="false"/>
            <line number="4" hits="43" branch="false"/>
            <line number="7" hits="43" branch="false"/>
            <line number="10" hits="13" branch="false"/>
            <line number="13" hits="5" branch="false"/>
            <line number="16" hits="18" branch="false"/>
            <line number="17" hits="18" branch="false"/>
            <line number="18" hits="18" branch="false"/>
            <line number="21" hits="43" branch="false"/>
            <line number="24" hits="13" branch="false"/>
            <line number="27" hits="6" branch="false"/>
            <line number="30" hits="19" branch="false"/>
            <line number="31" hits="19" branch="false"/>
            <line number="32" hits="19" branch="false"/>
            <line number="35" hits="43" branch="false"/>
            <line number="38" hits="283" branch="false"/>
            <line number="41" hits="11" branch="false"/>
            <line number="44" hits="296" branch="false"/>
            <line number="45" hits="296" branch="false"/>
            <line number="46" hits="296" branch="false"/>
            <line number="49" hits="43" branch="false"/>
            <line number="52" hits="294" branch="false"/>
            <line number="55" hits="7" branch="false"/>
            <line number="58" hits="301" branch="false"/>
            <line number="59" hits="301" branch="false"/>
            <line number="60" hits="301" branch="false"/>
            <line number="63" hits="43" branch="false"/>
            <line number="66" hits="993" branch="false"/>
            <line number="67" hits="993" branch="false"/>
            <line number="68" hits="993" branch="true" condition-coverage="100% (2/2)"/>
            <line number="69" hits="1" branch="false"/>
            <line number="70" hits="992" branch="false"/>
            <line number="73" hits="1" branch="false"/>
            <line number="77" hits="42" branch="false"/>
            <line number="80" hits="13745" branch="false"/>
            <line number="81" hits="13745" branch="false"/>
            <line number="84" hits="43" branch="false"/>
          </lines>
        </class>
        <class name="models.ts" filename="src/models.ts" line-rate="1" branch-rate="1">
          <methods>
            <method name="(anonymous_0)" hits="43" signature="()V">
              <lines>
                <line number="6" hits="43"/>
              </lines>
            </method>
            <method name="(anonymous_1)" hits="13072" signature="()V">
              <lines>
                <line number="11" hits="13072"/>
              </lines>
            </method>
            <method name="(anonymous_2)" hits="296" signature="()V">
              <lines>
                <line number="12" hits="296"/>
              </lines>
            </method>
            <method name="(anonymous_3)" hits="301" signature="()V">
              <lines>
                <line number="15" hits="301"/>
              </lines>
            </method>
            <method name="(anonymous_4)" hits="258" signature="()V">
              <lines>
                <line number="23" hits="258"/>
              </lines>
            </method>
            <method name="(anonymous_5)" hits="18" signature="()V">
              <lines>
                <line number="24" hits="18"/>
              </lines>
            </method>
            <method name="(anonymous_6)" hits="19" signature="()V">
              <lines>
                <line number="27" hits="19"/>
              </lines>
            </method>
            <method name="(anonymous_7)" hits="1892" signature="()V">
              <lines>
                <line number="35" hits="1892"/>
              </lines>
            </method>
            <method name="(anonymous_8)" hits="4" signature="()V">
              <lines>
                <line number="40" hits="4"/>
              </lines>
            </method>
            <method name="(anonymous_9)" hits="12" signature="()V">
              <lines>
                <line number="41" hits="12"/>
              </lines>
            </method>
          </methods>
          <lines>
            <line number="2" hits="43" branch="false"/>
            <line number="3" hits="43" branch="false"/>
            <line number="4" hits="43" branch="false"/>
            <line number="6" hits="43" branch="false"/>
            <line number="7" hits="43" branch="false"/>
            <line number="8" hits="43" branch="false"/>
            <line number="12" hits="13072" branch="false"/>
            <line number="13" hits="296" branch="false"/>
            <line number="15" hits="13072" branch="false"/>
            <line number="16" hits="301" branch="false"/>
            <line number="18" hits="13072" branch="false"/>
            <line number="21" hits="43" branch="false"/>
            <line number="24" hits="258" branch="false"/>
            <line number="25" hits="18" branch="false"/>
            <line number="27" hits="258" branch="false"/>
            <line number="28" hits="19" branch="false"/>
            <line number="30" hits="258" branch="false"/>
            <line number="33" hits="43" branch="false"/>
            <line number="36" hits="1892" branch="false"/>
            <line number="37" hits="1892" branch="false"/>
            <line number="38" hits="1892" branch="false"/>
            <line number="41" hits="12" branch="false"/>
            <line number="42" hits="4" branch="false"/>
            <line number="45" hits="43" branch="false"/>
          </lines>
        </class>
      </classes>
    </package>
    <package name="src.ts-definitions" line-rate="1" branch-rate="1">
      <classes>
        <class name="APIGravity.ts" filename="src/ts-definitions/APIGravity.ts" line-rate="1" branch-rate="1">
          <methods>
          </methods>
          <lines>
            <line number="2" hits="43" branch="false"/>
            <line number="3" hits="43" branch="false"/>
            <line number="4" hits="43" branch="false"/>
            <line number="5" hits="43" branch="false"/>
            <line number="14" hits="43" branch="false"/>
            <line number="15" hits="43" branch="false"/>
          </lines>
        </class>
        <class name="Acceleration.ts" filename="src/ts-definitions/Acceleration.ts" line-rate="1" branch-rate="1">
          <methods>
          </methods>
          <lines>
            <line number="2" hits="43" branch="false"/>
            <line number="3" hits="43" branch="false"/>
            <line number="4" hits="43" branch="false"/>
            <line number="5" hits="43" branch="false"/>
            <line number="10" hits="43" branch="false"/>
            <line number="11" hits="43" branch="false"/>
          </lines>
        </class>
        <class name="Angle.ts" filename="src/ts-definitions/Angle.ts" line-rate="1" branch-rate="1">
          <methods>
          </methods>
          <lines>
            <line number="2" hits="43" branch="false"/>
            <line number="3" hits="43" branch="false"/>
            <line number="4" hits="43" branch="false"/>
            <line number="5" hits="43" branch="false"/>
            <line number="12" hits="43" branch="false"/>
            <line number="13" hits="43" branch="false"/>
          </lines>
        </class>
        <class name="AngularFrequency.ts" filename="src/ts-definitions/AngularFrequency.ts" line-rate="1" branch-rate="1">
          <methods>
          </methods>
          <lines>
            <line number="2" hits="43" branch="false"/>
            <line number="3" hits="43" branch="false"/>
            <line number="4" hits="43" branch="false"/>
            <line number="5" hits="43" branch="false"/>
            <line number="11" hits="43" branch="false"/>
            <line number="12" hits="43" branch="false"/>
          </lines>
        </class>
        <class name="ApparentPower.ts" filename="src/ts-definitions/ApparentPower.ts" line-rate="1" branch-rate="1">
          <methods>
          </methods>
          <lines>
            <line number="2" hits="43" branch="false"/>
            <line number="3" hits="43" branch="false"/>
            <line number="4" hits="43" branch="false"/>
            <line number="5" hits="43" branch="false"/>
            <line number="12" hits="43" branch="false"/>
            <line number="13" hits="43" branch="false"/>
          </lines>
        </class>
        <class name="Area.ts" filename="src/ts-definitions/Area.ts" line-rate="1" branch-rate="1">
          <methods>
          </methods>
          <lines>
            <line number="2" hits="43" branch="false"/>
            <line number="3" hits="43" branch="false"/>
            <line number="4" hits="43" branch="false"/>
            <line number="5" hits="43" branch="false"/>
            <line number="23" hits="43" branch="false"/>
            <line number="24" hits="43" branch="false"/>
          </lines>
        </class>
        <class name="Charge.ts" filename="src/ts-definitions/Charge.ts" line-rate="1" branch-rate="1">
          <methods>
          </methods>
          <lines>
            <line number="2" hits="43" branch="false"/>
            <line number="3" hits="43" branch="false"/>
            <line number="4" hits="43" branch="false"/>
            <line number="5" hits="43" branch="false"/>
            <line number="12" hits="43" branch="false"/>
            <line number="13" hits="43" branch="false"/>
          </lines>
        </class>
        <class name="Conductivity.ts" filename="src/ts-definitions/Conductivity.ts" line-rate="1" branch-rate="1">
          <methods>
          </methods>
          <lines>
            <line number="2" hits="43" branch="false"/>
            <line number="3" hits="43" branch="false"/>
            <line number="4" hits="43" branch="false"/>
            <line number="5" hits="43" branch="false"/>
            <line number="15" hits="43" branch="false"/>
            <line number="16" hits="43" branch="false"/>
          </lines>
        </class>
        <class name="Current.ts" filename="src/ts-definitions/Current.ts" line-rate="1" branch-rate="1">
          <methods>
          </methods>
          <lines>
            <line number="2" hits="43" branch="false"/>
            <line number="3" hits="43" branch="false"/>
            <line number="4" hits="43" branch="false"/>
            <line number="5" hits="43" branch="false"/>
            <line number="16" hits="43" branch="false"/>
            <line number="17" hits="43" branch="false"/>
          </lines>
        </class>
        <class name="Density.ts" filename="src/ts-definitions/Density.ts" line-rate="1" branch-rate="1">
          <methods>
          </methods>
          <lines>
            <line number="2" hits="43" branch="false"/>
            <line number="3" hits="43" branch="false"/>
            <line number="4" hits="43" branch="false"/>
            <line number="5" hits="43" branch="false"/>
            <line number="21" hits="43" branch="false"/>
            <line number="22" hits="43" branch="false"/>
          </lines>
        </class>
        <class name="DoglegSeverity.ts" filename="src/ts-definitions/DoglegSeverity.ts" line-rate="1" branch-rate="1">
          <methods>
          </methods>
          <lines>
            <line number="2" hits="43" branch="false"/>
            <line number="3" hits="43" branch="false"/>
            <line number="4" hits="43" branch="false"/>
            <line number="5" hits="43" branch="false"/>
            <line number="10" hits="43" branch="false"/>
            <line number="11" hits="43" branch="false"/>
          </lines>
        </class>
        <class name="Each.ts" filename="src/ts-definitions/Each.ts" line-rate="1" branch-rate="1">
          <methods>
          </methods>
          <lines>
            <line number="2" hits="43" branch="false"/>
            <line number="3" hits="43" branch="false"/>
            <line number="4" hits="43" branch="false"/>
            <line number="5" hits="43" branch="false"/>
            <line number="9" hits="43" branch="false"/>
            <line number="10" hits="43" branch="false"/>
          </lines>
        </class>
        <class name="Energy.ts" filename="src/ts-definitions/Energy.ts" line-rate="1" branch-rate="1">
          <methods>
          </methods>
          <lines>
            <line number="2" hits="43" branch="false"/>
            <line number="3" hits="43" branch="false"/>
            <line number="4" hits="43" branch="false"/>
            <line number="5" hits="43" branch="false"/>
            <line number="20" hits="43" branch="false"/>
            <line number="21" hits="43" branch="false"/>
          </lines>
        </class>
        <class name="Force.ts" filename="src/ts-definitions/Force.ts" line-rate="1" branch-rate="1">
          <methods>
          </methods>
          <lines>
            <line number="2" hits="43" branch="false"/>
            <line number="3" hits="43" branch="false"/>
            <line number="4" hits="43" branch="false"/>
            <line number="5" hits="43" branch="false"/>
            <line number="12" hits="43" branch="false"/>
            <line number="13" hits="43" branch="false"/>
          </lines>
        </class>
        <class name="Frequency.ts" filename="src/ts-definitions/Frequency.ts" line-rate="1" branch-rate="1">
          <methods>
          </methods>
          <lines>
            <line number="2" hits="43" branch="false"/>
            <line number="3" hits="43" branch="false"/>
            <line number="4" hits="43" branch="false"/>
            <line number="5" hits="43" branch="false"/>
            <line number="13" hits="43" branch="false"/>
            <line number="14" hits="43" branch="false"/>
          </lines>
        </class>
        <class name="GammaRay.ts" filename="src/ts-definitions/GammaRay.ts" line-rate="1" branch-rate="1">
          <methods>
          </methods>
          <lines>
            <line number="2" hits="43" branch="false"/>
            <line number="3" hits="43" branch="false"/>
            <line number="4" hits="43" branch="false"/>
            <line number="5" hits="43" branch="false"/>
            <line number="8" hits="43" branch="false"/>
            <line number="9" hits="43" branch="false"/>
          </lines>
        </class>
        <class name="Illuminance.ts" filename="src/ts-definitions/Illuminance.ts" line-rate="1" branch-rate="1">
          <methods>
          </methods>
          <lines>
            <line number="2" hits="43" branch="false"/>
            <line number="3" hits="43" branch="false"/>
            <line number="4" hits="43" branch="false"/>
            <line number="5" hits="43" branch="false"/>
            <line number="9" hits="43" branch="false"/>
            <line number="10" hits="43" branch="false"/>
          </lines>
        </class>
        <class name="InverseLength.ts" filename="src/ts-definitions/InverseLength.ts" line-rate="1" branch-rate="1">
          <methods>
          </methods>
          <lines>
            <line number="2" hits="43" branch="false"/>
            <line number="3" hits="43" branch="false"/>
            <line number="4" hits="43" branch="false"/>
            <line number="5" hits="43" branch="false"/>
            <line number="21" hits="43" branch="false"/>
            <line number="22" hits="43" branch="false"/>
          </lines>
        </class>
        <class name="InverseResistivity.ts" filename="src/ts-definitions/InverseResistivity.ts" line-rate="1" branch-rate="1">
          <methods>
          </methods>
          <lines>
            <line number="2" hits="43" branch="false"/>
            <line number="3" hits="43" branch="false"/>
            <line number="4" hits="43" branch="false"/>
            <line number="5" hits="43" branch="false"/>
            <line number="15" hits="43" branch="false"/>
            <line number="16" hits="43" branch="false"/>
          </lines>
        </class>
        <class name="Length.ts" filename="src/ts-definitions/Length.ts" line-rate="1" branch-rate="1">
          <methods>
          </methods>
          <lines>
            <line number="2" hits="43" branch="false"/>
            <line number="3" hits="43" branch="false"/>
            <line number="4" hits="43" branch="false"/>
            <line number="5" hits="43" branch="false"/>
            <line number="26" hits="43" branch="false"/>
            <line number="27" hits="43" branch="false"/>
          </lines>
        </class>
        <class name="Mass.ts" filename="src/ts-definitions/Mass.ts" line-rate="1" branch-rate="1">
          <methods>
          </methods>
          <lines>
            <line number="2" hits="43" branch="false"/>
            <line number="3" hits="43" branch="false"/>
            <line number="4" hits="43" branch="false"/>
            <line number="5" hits="43" branch="false"/>
            <line number="16" hits="43" branch="false"/>
            <line number="17" hits="43" branch="false"/>
          </lines>
        </class>
        <class name="MassFlowRate.ts" filename="src/ts-definitions/MassFlowRate.ts" line-rate="1" branch-rate="1">
          <methods>
          </methods>
          <lines>
            <line number="2" hits="43" branch="false"/>
            <line number="3" hits="43" branch="false"/>
            <line number="4" hits="43" branch="false"/>
            <line number="5" hits="43" branch="false"/>
            <line number="17" hits="43" branch="false"/>
            <line number="18" hits="43" branch="false"/>
          </lines>
        </class>
        <class name="Money.ts" filename="src/ts-definitions/Money.ts" line-rate="1" branch-rate="1">
          <methods>
          </methods>
          <lines>
            <line number="2" hits="43" branch="false"/>
            <line number="3" hits="43" branch="false"/>
            <line number="4" hits="43" branch="false"/>
            <line number="5" hits="43" branch="false"/>
            <line number="10" hits="43" branch="false"/>
            <line number="11" hits="43" branch="false"/>
          </lines>
        </class>
        <class name="MoneyPerEnergy.ts" filename="src/ts-definitions/MoneyPerEnergy.ts" line-rate="1" branch-rate="1">
          <methods>
          </methods>
          <lines>
            <line number="2" hits="43" branch="false"/>
            <line number="3" hits="43" branch="false"/>
            <line number="4" hits="43" branch="false"/>
            <line number="5" hits="43" branch="false"/>
            <line number="10" hits="43" branch="false"/>
            <line number="11" hits="43" branch="false"/>
          </lines>
        </class>
        <class name="Pixels.ts" filename="src/ts-definitions/Pixels.ts" line-rate="1" branch-rate="1">
          <methods>
          </methods>
          <lines>
            <line number="2" hits="43" branch="false"/>
            <line number="3" hits="43" branch="false"/>
            <line number="4" hits="43" branch="false"/>
            <line number="5" hits="43" branch="false"/>
            <line number="8" hits="43" branch="false"/>
            <line number="9" hits="43" branch="false"/>
          </lines>
        </class>
        <class name="Power.ts" filename="src/ts-definitions/Power.ts" line-rate="1" branch-rate="1">
          <methods>
          </methods>
          <lines>
            <line number="2" hits="43" branch="false"/>
            <line number="3" hits="43" branch="false"/>
            <line number="4" hits="43" branch="false"/>
            <line number="5" hits="43" branch="false"/>
            <line number="25" hits="43" branch="false"/>
            <line number="26" hits="43" branch="false"/>
          </lines>
        </class>
        <class name="Pressure.ts" filename="src/ts-definitions/Pressure.ts" line-rate="1" branch-rate="1">
          <methods>
          </methods>
          <lines>
            <line number="2" hits="43" branch="false"/>
            <line number="3" hits="43" branch="false"/>
            <line number="4" hits="43" branch="false"/>
            <line number="5" hits="43" branch="false"/>
            <line number="35" hits="43" branch="false"/>
            <line number="36" hits="43" branch="false"/>
          </lines>
        </class>
        <class name="PressureGradient.ts" filename="src/ts-definitions/PressureGradient.ts" line-rate="1" branch-rate="1">
          <methods>
          </methods>
          <lines>
            <line number="2" hits="43" branch="false"/>
            <line number="3" hits="43" branch="false"/>
            <line number="4" hits="43" branch="false"/>
            <line number="5" hits="43" branch="false"/>
            <line number="23" hits="43" branch="false"/>
            <line number="24" hits="43" branch="false"/>
          </lines>
        </class>
        <class name="ProductivityIndex.ts" filename="src/ts-definitions/ProductivityIndex.ts" line-rate="1" branch-rate="1">
          <methods>
          </methods>
          <lines>
            <line number="2" hits="43" branch="false"/>
            <line number="3" hits="43" branch="false"/>
            <line number="4" hits="43" branch="false"/>
            <line number="5" hits="43" branch="false"/>
            <line number="9" hits="43" branch="false"/>
            <line number="10" hits="43" branch="false"/>
          </lines>
        </class>
        <class name="Ratio.ts" filename="src/ts-definitions/Ratio.ts" line-rate="1" branch-rate="1">
          <methods>
          </methods>
          <lines>
            <line number="2" hits="43" branch="false"/>
            <line number="3" hits="43" branch="false"/>
            <line number="4" hits="43" branch="false"/>
            <line number="5" hits="43" branch="false"/>
            <line number="13" hits="43" branch="false"/>
            <line number="14" hits="43" branch="false"/>
          </lines>
        </class>
        <class name="ReactiveEnergy.ts" filename="src/ts-definitions/ReactiveEnergy.ts" line-rate="1" branch-rate="1">
          <methods>
          </methods>
          <lines>
            <line number="2" hits="43" branch="false"/>
            <line number="3" hits="43" branch="false"/>
            <line number="4" hits="43" branch="false"/>
            <line number="5" hits="43" branch="false"/>
            <line number="12" hits="43" branch="false"/>
            <line number="13" hits="43" branch="false"/>
          </lines>
        </class>
        <class name="ReactivePower.ts" filename="src/ts-definitions/ReactivePower.ts" line-rate="1" branch-rate="1">
          <methods>
          </methods>
          <lines>
            <line number="2" hits="43" branch="false"/>
            <line number="3" hits="43" branch="false"/>
            <line number="4" hits="43" branch="false"/>
            <line number="5" hits="43" branch="false"/>
            <line number="12" hits="43" branch="false"/>
            <line number="13" hits="43" branch="false"/>
          </lines>
        </class>
        <class name="Resistivity.ts" filename="src/ts-definitions/Resistivity.ts" line-rate="1" branch-rate="1">
          <methods>
          </methods>
          <lines>
            <line number="2" hits="43" branch="false"/>
            <line number="3" hits="43" branch="false"/>
            <line number="4" hits="43" branch="false"/>
            <line number="5" hits="43" branch="false"/>
            <line number="13" hits="43" branch="false"/>
            <line number="14" hits="43" branch="false"/>
          </lines>
        </class>
        <class name="Slowness.ts" filename="src/ts-definitions/Slowness.ts" line-rate="1" branch-rate="1">
          <methods>
          </methods>
          <lines>
            <line number="2" hits="43" branch="false"/>
            <line number="3" hits="43" branch="false"/>
            <line number="4" hits="43" branch="false"/>
            <line number="5" hits="43" branch="false"/>
            <line number="19" hits="43" branch="false"/>
            <line number="20" hits="43" branch="false"/>
          </lines>
        </class>
        <class name="Temperature.ts" filename="src/ts-definitions/Temperature.ts" line-rate="1" branch-rate="1">
          <methods>
          </methods>
          <lines>
            <line number="2" hits="43" branch="false"/>
            <line number="3" hits="43" branch="false"/>
            <line number="4" hits="43" branch="false"/>
            <line number="5" hits="43" branch="false"/>
            <line number="11" hits="43" branch="false"/>
            <line number="12" hits="43" branch="false"/>
          </lines>
        </class>
        <class name="TemperatureDifference.ts" filename="src/ts-definitions/TemperatureDifference.ts" line-rate="1" branch-rate="1">
          <methods>
          </methods>
          <lines>
            <line number="2" hits="43" branch="false"/>
            <line number="3" hits="43" branch="false"/>
            <line number="4" hits="43" branch="false"/>
            <line number="5" hits="43" branch="false"/>
            <line number="11" hits="43" branch="false"/>
            <line number="12" hits="43" branch="false"/>
          </lines>
        </class>
        <class name="Time.ts" filename="src/ts-definitions/Time.ts" line-rate="1" branch-rate="1">
          <methods>
          </methods>
          <lines>
            <line number="2" hits="43" branch="false"/>
            <line number="3" hits="43" branch="false"/>
            <line number="4" hits="43" branch="false"/>
            <line number="5" hits="43" branch="false"/>
            <line number="17" hits="43" branch="false"/>
            <line number="18" hits="43" branch="false"/>
          </lines>
        </class>
        <class name="Torque.ts" filename="src/ts-definitions/Torque.ts" line-rate="1" branch-rate="1">
          <methods>
          </methods>
          <lines>
            <line number="2" hits="43" branch="false"/>
            <line number="3" hits="43" branch="false"/>
            <line number="4" hits="43" branch="false"/>
            <line number="5" hits="43" branch="false"/>
            <line number="10" hits="43" branch="false"/>
            <line number="11" hits="43" branch="false"/>
          </lines>
        </class>
        <class name="Unitless.ts" filename="src/ts-definitions/Unitless.ts" line-rate="1" branch-rate="1">
          <methods>
          </methods>
          <lines>
            <line number="2" hits="43" branch="false"/>
            <line number="3" hits="43" branch="false"/>
            <line number="4" hits="43" branch="false"/>
            <line number="5" hits="43" branch="false"/>
            <line number="13" hits="43" branch="false"/>
            <line number="14" hits="43" branch="false"/>
          </lines>
        </class>
        <class name="Velocity.ts" filename="src/ts-definitions/Velocity.ts" line-rate="1" branch-rate="1">
          <methods>
          </methods>
          <lines>
            <line number="2" hits="43" branch="false"/>
            <line number="3" hits="43" branch="false"/>
            <line number="4" hits="43" branch="false"/>
            <line number="5" hits="43" branch="false"/>
            <line number="14" hits="43" branch="false"/>
            <line number="15" hits="43" branch="false"/>
          </lines>
        </class>
        <class name="Voltage.ts" filename="src/ts-definitions/Voltage.ts" line-rate="1" branch-rate="1">
          <methods>
          </methods>
          <lines>
            <line number="2" hits="43" branch="false"/>
            <line number="3" hits="43" branch="false"/>
            <line number="4" hits="43" branch="false"/>
            <line number="5" hits="43" branch="false"/>
            <line number="10" hits="43" branch="false"/>
            <line number="11" hits="43" branch="false"/>
          </lines>
        </class>
        <class name="Volume.ts" filename="src/ts-definitions/Volume.ts" line-rate="1" branch-rate="1">
          <methods>
          </methods>
          <lines>
            <line number="2" hits="43" branch="false"/>
            <line number="3" hits="43" branch="false"/>
            <line number="4" hits="43" branch="false"/>
            <line number="5" hits="43" branch="false"/>
            <line number="54" hits="43" branch="false"/>
            <line number="55" hits="43" branch="false"/>
          </lines>
        </class>
        <class name="VolumeRatio.ts" filename="src/ts-definitions/VolumeRatio.ts" line-rate="1" branch-rate="1">
          <methods>
          </methods>
          <lines>
            <line number="2" hits="43" branch="false"/>
            <line number="3" hits="43" branch="false"/>
            <line number="4" hits="43" branch="false"/>
            <line number="5" hits="43" branch="false"/>
            <line number="38" hits="43" branch="false"/>
            <line number="39" hits="43" branch="false"/>
          </lines>
        </class>
        <class name="VolumetricFlowRate.ts" filename="src/ts-definitions/VolumetricFlowRate.ts" line-rate="1" branch-rate="1">
          <methods>
          </methods>
          <lines>
            <line number="2" hits="43" branch="false"/>
            <line number="3" hits="43" branch="false"/>
            <line number="4" hits="43" branch="false"/>
            <line number="5" hits="43" branch="false"/>
            <line number="70" hits="43" branch="false"/>
            <line number="71" hits="43" branch="false"/>
          </lines>
        </class>
      </classes>
    </package>
  </packages>
</coverage>
